2022-05-26_20-12 - Error: Directory "/opt/test" not found.
2022-05-26_20-12 - Error: Directory "/opt/aazz_260522" was not created.
File /opt/aazz_260522/aazz_260522.az was created 2022-05-26 20:12:37 with size of 3kb.
File /opt/aazz_260522/aaazzz_260522.az was created 2022-05-26 20:12:37 with size of 3kb.
File /opt/aazz_260522/aaaazzzz_260522.az was created 2022-05-26 20:12:37 with size of 3kb.
File /opt/aazz_260522/aaaaazzzzz_260522.az was created 2022-05-26 20:12:37 with size of 3kb.
File /opt/aazz_260522/aaaaaazzzzzz_260522.az was created 2022-05-26 20:12:37 with size of 3kb.
File /opt/aaazzz_260522/aaaaaaazzzzzzz_260522.az was created 2022-05-26 20:12:37 with size of 3kb.
File /opt/aaazzz_260522/aaaaaaaazzzzzzzz_260522.az was created 2022-05-26 20:12:37 with size of 3kb.
File /opt/aaazzz_260522/aaaaaaaaazzzzzzzzz_260522.az was created 2022-05-26 20:12:37 with size of 3kb.
File /opt/aaazzz_260522/aaaaaaaaaazzzzzzzzzz_260522.az was created 2022-05-26 20:12:37 with size of 3kb.
File /opt/aaazzz_260522/aaaaaaaaaaazzzzzzzzzzz_260522.az was created 2022-05-26 20:12:37 with size of 3kb.
File /opt/aaaazzzz_260522/aaaaaaaaaaaazzzzzzzzzzzz_260522.az was created 2022-05-26 20:12:37 with size of 3kb.
File /opt/aaaazzzz_260522/aaaaaaaaaaaaazzzzzzzzzzzzz_260522.az was created 2022-05-26 20:12:37 with size of 3kb.
File /opt/aaaazzzz_260522/aaaaaaaaaaaaaazzzzzzzzzzzzzz_260522.az was created 2022-05-26 20:12:37 with size of 3kb.
File /opt/aaaazzzz_260522/aaaaaaaaaaaaaaazzzzzzzzzzzzzzz_260522.az was created 2022-05-26 20:12:37 with size of 3kb.
File /opt/aaaazzzz_260522/aaaaaaaaaaaaaaaazzzzzzzzzzzzzzzz_260522.az was created 2022-05-26 20:12:37 with size of 3kb.
File /opt/aaaaazzzzz_260522/aaaaaaaaaaaaaaaaazzzzzzzzzzzzzzzzz_260522.az was created 2022-05-26 20:12:37 with size of 3kb.
File /opt/aaaaazzzzz_260522/aaaaaaaaaaaaaaaaaazzzzzzzzzzzzzzzzzz_260522.az was created 2022-05-26 20:12:37 with size of 3kb.
File /opt/aaaaazzzzz_260522/aaaaaaaaaaaaaaaaaaazzzzzzzzzzzzzzzzzzz_260522.az was created 2022-05-26 20:12:37 with size of 3kb.
File /opt/aaaaazzzzz_260522/aaaaaaaaaaaaaaaaaaaazzzzzzzzzzzzzzzzzzzz_260522.az was created 2022-05-26 20:12:37 with size of 3kb.
File /opt/aaaaazzzzz_260522/aaaaaaaaaaaaaaaaaaaaazzzzzzzzzzzzzzzzzzzzz_260522.az was created 2022-05-26 20:12:37 with size of 3kb.
